[2025-07-25 15:40:21,005: INFO: main: Welcome to my personal log]
[2025-07-25 15:40:50,615: INFO: main: Welcome to my personal log]
[2025-08-30 17:27:19,751: INFO: common: YAML file config\config.yaml loaded successfully]
[2025-08-30 17:27:19,759: INFO: common: YAML file params.yaml loaded successfully]
[2025-08-30 17:29:23,757: INFO: common: YAML file config\config.yaml loaded successfully]
[2025-08-30 17:29:23,760: INFO: common: YAML file params.yaml loaded successfully]
[2025-08-30 17:30:20,614: INFO: common: YAML file config\config.yaml loaded successfully]
[2025-08-30 17:30:20,622: INFO: common: YAML file params.yaml loaded successfully]
[2025-08-30 17:30:20,630: INFO: common: created directory at: artifacts]
[2025-08-30 17:30:20,638: INFO: common: created directory at: artifacts/data_ingestion]
[2025-08-30 17:30:26,175: INFO: 3869023300: artifacts/data_ingestion/data.zip download! with following info: 
 Connection: close
Content-Length: 11616915
Cache-Control: max-age=300
Content-Security-Policy: default-src 'none'; style-src 'unsafe-inline'; sandbox
Content-Type: application/zip
ETag: "adf745abc03891fe493c3be264ec012691fe3fa21d861f35a27edbe6d86a76b1"
Strict-Transport-Security: max-age=31536000
X-Content-Type-Options: nosniff
X-Frame-Options: deny
X-XSS-Protection: 1; mode=block
X-GitHub-Request-Id: 1DB2:18C902:F7625:2B61E2:68B2E7CF
Accept-Ranges: bytes
Date: Sat, 30 Aug 2025 12:00:22 GMT
Via: 1.1 varnish
X-Served-By: cache-maa10241-MAA
X-Cache: MISS
X-Cache-Hits: 0
X-Timer: S1756555222.679443,VS0,VE878
Vary: Authorization,Accept-Encoding
Access-Control-Allow-Origin: *
Cross-Origin-Resource-Policy: cross-origin
X-Fastly-Request-ID: a50f5dab88d40db6d02694a53bbb501d63338332
Expires: Sat, 30 Aug 2025 12:05:22 GMT
Source-Age: 1

]
[2025-12-01 11:38:53,209: INFO: main: >>>>>> Data Ingestion Stage started <<<<<<]
[2025-12-01 11:38:53,209: INFO: common: YAML file config\config.yaml loaded successfully]
[2025-12-01 11:38:53,241: INFO: common: YAML file params.yaml loaded successfully]
[2025-12-01 11:38:53,241: INFO: common: created directory at: artifacts]
[2025-12-01 11:38:53,241: INFO: common: created directory at: artifacts/data_ingestion]
[2025-12-01 11:38:53,241: INFO: data_ingestion: File already exists of size: ~ 11345 KB]
[2025-12-01 11:38:54,040: INFO: main: >>>>>> Data Ingestion Stage completed <<<<<<

x==========x]
[2025-12-01 12:04:32,165: WARNING: font_manager: Matplotlib is building the font cache; this may take a moment.]
[2025-12-01 12:04:39,107: INFO: font_manager: generated new fontManager]
[2025-12-01 12:11:09,170: INFO: common: YAML file config\config.yaml loaded successfully]
[2025-12-01 12:11:09,174: INFO: common: YAML file params.yaml loaded successfully]
[2025-12-01 12:11:09,177: INFO: common: created directory at: artifacts]
[2025-12-01 12:13:40,348: INFO: common: YAML file config\config.yaml loaded successfully]
[2025-12-01 12:13:40,356: INFO: common: YAML file params.yaml loaded successfully]
[2025-12-01 12:13:40,359: INFO: common: created directory at: artifacts]
[2025-12-01 12:13:40,363: INFO: common: created directory at: artifacts/prepare_base_model]
[2025-12-01 12:15:10,041: INFO: common: YAML file config\config.yaml loaded successfully]
[2025-12-01 12:15:10,045: INFO: common: YAML file params.yaml loaded successfully]
[2025-12-01 12:15:10,046: INFO: common: created directory at: artifacts]
[2025-12-01 12:15:10,048: INFO: common: created directory at: artifacts/prepare_base_model]
[2025-12-01 12:17:30,618: INFO: common: YAML file config\config.yaml loaded successfully]
[2025-12-01 12:17:30,629: INFO: common: YAML file params.yaml loaded successfully]
[2025-12-01 12:17:30,633: INFO: common: created directory at: artifacts]
[2025-12-01 12:17:30,634: INFO: common: created directory at: artifacts/prepare_base_model]
[2025-12-01 12:17:52,186: WARNING: saving_api: You are saving your model as an HDF5 file via `model.save()` or `keras.saving.save_model(model)`. This file format is considered legacy. We recommend using instead the native Keras format, e.g. `model.save('my_model.keras')` or `keras.saving.save_model(model, 'my_model.keras')`. ]
[2025-12-01 12:17:52,841: WARNING: saving_api: You are saving your model as an HDF5 file via `model.save()` or `keras.saving.save_model(model)`. This file format is considered legacy. We recommend using instead the native Keras format, e.g. `model.save('my_model.keras')` or `keras.saving.save_model(model, 'my_model.keras')`. ]
[2025-12-01 12:21:49,443: INFO: main: >>>>>> Data Ingestion Stage started <<<<<<]
[2025-12-01 12:21:49,447: INFO: common: YAML file config\config.yaml loaded successfully]
[2025-12-01 12:21:49,447: INFO: common: YAML file params.yaml loaded successfully]
[2025-12-01 12:21:49,463: INFO: common: created directory at: artifacts]
[2025-12-01 12:21:49,463: INFO: common: created directory at: artifacts/data_ingestion]
[2025-12-01 12:21:49,464: INFO: data_ingestion: File already exists of size: ~ 11345 KB]
[2025-12-01 12:21:50,232: INFO: main: >>>>>> Data Ingestion Stage completed <<<<<<

x==========x]
[2025-12-01 12:21:50,232: INFO: main: >>>>>> Prepare Base Model started <<<<]
[2025-12-01 12:21:50,232: ERROR: main: name 'PrepareBaseModelTrainingPipeline' is not defined]
Traceback (most recent call last):
  File "C:\Users\admin\Desktop\project\vinipro\main.py", line 26, in <module>
    prepare_base_model = PrepareBaseModelTrainingPipeline()
                        ^^^^^^^^^^^^^^^^^^^^^^^^^^^^^^^^
NameError: name 'PrepareBaseModelTrainingPipeline' is not defined
